<?xml version="1.0" encoding="UTF-8"?>
<testsuite xmlns:xsi="http://www.w3.org/2001/XMLSchema-instance" xsi:noNamespaceSchemaLocation="https://maven.apache.org/surefire/maven-surefire-plugin/xsd/surefire-test-report-3.0.xsd" version="3.0" name="com.tarea2.Tarea2ApplicationTests" time="2.013" tests="1" errors="0" skipped="0" failures="0">
  <properties>
[...]
</properties>
  <testcase name="contextLoads" classname="com.tarea2.Tarea2ApplicationTests" time="0.561">
    <system-out><![CDATA[11:49:13.236 [main] INFO org.springframework.test.context.support.AnnotationConfigContextLoaderUtils -- Could not detect default configuration classes for test class [com.tarea2.Tarea2ApplicationTests]: Tarea2ApplicationTests does not declare any static, non-private, non-final, nested classes annotated with @Configuration.
11:49:13.332 [main] INFO org.springframework.boot.test.context.SpringBootTestContextBootstrapper -- Found @SpringBootConfiguration com.tarea2.Tarea2Application for test class com.tarea2.Tarea2ApplicationTests
11:49:13.474 [main] INFO org.springframework.boot.devtools.restart.RestartApplicationListener -- Restart disabled due to context in which it is running
  .   ____          _            __ _ _
 /\\ / ___'_ __ _ _(_)_ __  __ _ \ \ \ \
( ( )\___ | '_ | '_| | '_ \/ _` | \ \ \ \
 \\/  ___)| |_)| | | | | || (_| |  ) ) ) )
  '  |____| .__|_| |_|_| |_\__, | / / / /
 =========|_|==============|___/=/_/_/_/

 :: Spring Boot ::                (v3.3.0)

2024-06-16T11:49:13.675-06:00  INFO 14492 --- [Tarea2] [           main] com.tarea2.Tarea2ApplicationTests        : Starting Tarea2ApplicationTests using Java 21.0.2 with PID 14492 (started by adaz1 in C:\Users\adaz1\OneDrive\Documentos\Fidelitas\6to cuatri\Aplicaciones Web\Java\Tarea2\Tarea2_Progra_Web)
2024-06-16T11:49:13.675-06:00  INFO 14492 --- [Tarea2] [           main] com.tarea2.Tarea2ApplicationTests        : No active profile set, falling back to 1 default profile: "default"
2024-06-16T11:49:14.500-06:00  WARN 14492 --- [Tarea2] [           main] ion$DefaultTemplateResolverConfiguration : Cannot find template location: classpath:/templates/ (please add some templates, check your Thymeleaf configuration, or set spring.thymeleaf.check-template-location=false)
2024-06-16T11:49:14.541-06:00  INFO 14492 --- [Tarea2] [           main] com.tarea2.Tarea2ApplicationTests        : Started Tarea2ApplicationTests in 1.08 seconds (process running for 1.81)
]]></system-out>
    <system-err><![CDATA[WARNING: A Java agent has been loaded dynamically (C:\Users\adaz1\.m2\repository\net\bytebuddy\byte-buddy-agent\1.14.16\byte-buddy-agent-1.14.16.jar)
WARNING: If a serviceability tool is in use, please run with -XX:+EnableDynamicAgentLoading to hide this warning
WARNING: If a serviceability tool is not in use, please run with -Djdk.instrument.traceUsage for more information
WARNING: Dynamic loading of agents will be disallowed by default in a future release
]]></system-err>
  </testcase>
</testsuite>